*** Starting uWSGI 1.9.4 (64bit) on [Sun Mar 31 16:11:15 2013] ***
compiled with version: 4.2.1 Compatible Apple Clang 3.0 (tags/Apple/clang-211.12) on 30 March 2013 20:44:34
os: Darwin-11.4.2 Darwin Kernel Version 11.4.2: Thu Aug 23 16:25:48 PDT 2012; root:xnu-1699.32.7~1/RELEASE_X86_64
nodename: M0B0P.local
machine: x86_64
clock source: unix
pcre jit disabled
detected number of CPU cores: 8
current working directory: /Users/tarakanov/babylon/store
detected binary path: /opt/local/Library/Frameworks/Python.framework/Versions/2.7/bin/uwsgi
your processes number limit is 709
your memory page size is 4096 bytes
 *** WARNING: you have enabled harakiri without post buffering. Slow upload could be rejected on post-unbuffered webservers *** 
detected max file descriptor number: 2560
lock engine: OSX spinlocks
uwsgi socket 0 bound to TCP address 127.0.0.1:9090 fd 3
Python version: 2.7.3 (default, Oct 22 2012, 06:12:32)  [GCC 4.2.1 Compatible Apple Clang 3.1 (tags/Apple/clang-318.0.58)]
Set PythonHome to /opt/venv/storeenv/
*** Python threads support is disabled. You can enable it with --enable-threads ***
Python main interpreter initialized at 0x7fde7b40bc80
your server socket listen backlog is limited to 100 connections
your mercy for graceful operations on workers is 60 seconds
mapped 363320 bytes (354 KB) for 4 cores
*** Operational MODE: preforking ***
added /opt/venv/storeenv/store/ to pythonpath.
WSGI app 0 (mountpoint='') ready in 0 seconds on interpreter 0x7fde7b40bc80 pid: 27106 (default app)
spawned uWSGI master process (pid: 27106)
spawned uWSGI worker 1 (pid: 27107, cores: 1)
spawned uWSGI worker 2 (pid: 27108, cores: 1)
spawned uWSGI worker 3 (pid: 27109, cores: 1)
spawned uWSGI worker 4 (pid: 27110, cores: 1)
Sun Mar 31 16:11:37 2013 - *** /opt/venv/storeenv/store/uwsgi.sh has been touched... grace them all !!! ***
...gracefully killing workers...
Gracefully killing worker 2 (pid: 27108)...
Gracefully killing worker 4 (pid: 27110)...
Gracefully killing worker 3 (pid: 27109)...
Gracefully killing worker 1 (pid: 27107)...
worker 4 buried after 1 seconds
worker 3 buried after 1 seconds
worker 2 buried after 1 seconds
worker 1 buried after 1 seconds
binary reloading uWSGI...
chdir() to /Users/tarakanov/babylon/store
closing all non-uwsgi socket fds > 2 (max_fd = 2560)...
found fd 3 mapped to socket 0 (127.0.0.1:9090)
running /opt/local/Library/Frameworks/Python.framework/Versions/2.7/bin/uwsgi
*** Starting uWSGI 1.9.4 (64bit) on [Sun Mar 31 16:11:38 2013] ***
compiled with version: 4.2.1 Compatible Apple Clang 3.0 (tags/Apple/clang-211.12) on 30 March 2013 20:44:34
os: Darwin-11.4.2 Darwin Kernel Version 11.4.2: Thu Aug 23 16:25:48 PDT 2012; root:xnu-1699.32.7~1/RELEASE_X86_64
nodename: M0B0P.local
machine: x86_64
clock source: unix
pcre jit disabled
detected number of CPU cores: 8
current working directory: /Users/tarakanov/babylon/store
detected binary path: /opt/local/Library/Frameworks/Python.framework/Versions/2.7/bin/uwsgi
your processes number limit is 709
your memory page size is 4096 bytes
 *** WARNING: you have enabled harakiri without post buffering. Slow upload could be rejected on post-unbuffered webservers *** 
detected max file descriptor number: 2560
lock engine: OSX spinlocks
uwsgi socket 0 inherited INET address 127.0.0.1:9090 fd 3
Python version: 2.7.3 (default, Oct 22 2012, 06:12:32)  [GCC 4.2.1 Compatible Apple Clang 3.1 (tags/Apple/clang-318.0.58)]
Set PythonHome to /opt/venv/storeenv/
*** Python threads support is disabled. You can enable it with --enable-threads ***
Python main interpreter initialized at 0x7fa84240b800
your server socket listen backlog is limited to 100 connections
your mercy for graceful operations on workers is 60 seconds
mapped 363320 bytes (354 KB) for 4 cores
*** Operational MODE: preforking ***
added /opt/venv/storeenv/store/ to pythonpath.
WSGI app 0 (mountpoint='') ready in 0 seconds on interpreter 0x7fa84240b800 pid: 27106 (default app)
gracefully (RE)spawned uWSGI master process (pid: 27106)
spawned uWSGI worker 1 (pid: 27118, cores: 1)
spawned uWSGI worker 2 (pid: 27119, cores: 1)
spawned uWSGI worker 3 (pid: 27120, cores: 1)
spawned uWSGI worker 4 (pid: 27121, cores: 1)
Sun Mar 31 17:09:08 2013 - *** /opt/venv/storeenv/store/uwsgi.sh has been touched... grace them all !!! ***
...gracefully killing workers...
Gracefully killing worker 3 (pid: 27120)...
Gracefully killing worker 2 (pid: 27119)...
Gracefully killing worker 1 (pid: 27118)...
Gracefully killing worker 4 (pid: 27121)...
worker 4 buried after 1 seconds
worker 3 buried after 1 seconds
worker 2 buried after 1 seconds
worker 1 buried after 1 seconds
binary reloading uWSGI...
chdir() to /Users/tarakanov/babylon/store
closing all non-uwsgi socket fds > 2 (max_fd = 2560)...
found fd 3 mapped to socket 0 (127.0.0.1:9090)
running /opt/local/Library/Frameworks/Python.framework/Versions/2.7/bin/uwsgi
*** Starting uWSGI 1.9.4 (64bit) on [Sun Mar 31 17:09:09 2013] ***
compiled with version: 4.2.1 Compatible Apple Clang 3.0 (tags/Apple/clang-211.12) on 30 March 2013 20:44:34
os: Darwin-11.4.2 Darwin Kernel Version 11.4.2: Thu Aug 23 16:25:48 PDT 2012; root:xnu-1699.32.7~1/RELEASE_X86_64
nodename: M0B0P.local
machine: x86_64
clock source: unix
pcre jit disabled
detected number of CPU cores: 8
current working directory: /Users/tarakanov/babylon/store
detected binary path: /opt/local/Library/Frameworks/Python.framework/Versions/2.7/bin/uwsgi
your processes number limit is 709
your memory page size is 4096 bytes
 *** WARNING: you have enabled harakiri without post buffering. Slow upload could be rejected on post-unbuffered webservers *** 
detected max file descriptor number: 2560
lock engine: OSX spinlocks
uwsgi socket 0 inherited INET address 127.0.0.1:9090 fd 3
Python version: 2.7.3 (default, Oct 22 2012, 06:12:32)  [GCC 4.2.1 Compatible Apple Clang 3.1 (tags/Apple/clang-318.0.58)]
Set PythonHome to /opt/venv/storeenv/
*** Python threads support is disabled. You can enable it with --enable-threads ***
Python main interpreter initialized at 0x7fa272c0b800
your server socket listen backlog is limited to 100 connections
your mercy for graceful operations on workers is 60 seconds
mapped 363320 bytes (354 KB) for 4 cores
*** Operational MODE: preforking ***
added /opt/venv/storeenv/store/ to pythonpath.
WSGI app 0 (mountpoint='') ready in 1 seconds on interpreter 0x7fa272c0b800 pid: 27106 (default app)
gracefully (RE)spawned uWSGI master process (pid: 27106)
spawned uWSGI worker 1 (pid: 28131, cores: 1)
spawned uWSGI worker 2 (pid: 28132, cores: 1)
spawned uWSGI worker 3 (pid: 28133, cores: 1)
spawned uWSGI worker 4 (pid: 28134, cores: 1)
{address space usage: 2528088064 bytes/2410MB} {rss usage: 21204992 bytes/20MB} [pid: 28131|app: 0|req: 1/1] 127.0.0.1 () {42 vars in 728 bytes} [Sun Mar 31 17:09:12 2013] GET / => generated 664 bytes in 818 msecs (HTTP/1.1 200) 1 headers in 59 bytes (1 switches on core 0)
Sun Mar 31 17:10:35 2013 - *** /opt/venv/storeenv/store/uwsgi.sh has been touched... grace them all !!! ***
...gracefully killing workers...
Gracefully killing worker 1 (pid: 28131)...
Gracefully killing worker 3 (pid: 28133)...
Gracefully killing worker 2 (pid: 28132)...
Gracefully killing worker 4 (pid: 28134)...
worker 4 buried after 1 seconds
worker 3 buried after 1 seconds
worker 2 buried after 1 seconds
worker 1 buried after 1 seconds
binary reloading uWSGI...
chdir() to /Users/tarakanov/babylon/store
closing all non-uwsgi socket fds > 2 (max_fd = 2560)...
found fd 3 mapped to socket 0 (127.0.0.1:9090)
running /opt/local/Library/Frameworks/Python.framework/Versions/2.7/bin/uwsgi
*** Starting uWSGI 1.9.4 (64bit) on [Sun Mar 31 17:10:36 2013] ***
compiled with version: 4.2.1 Compatible Apple Clang 3.0 (tags/Apple/clang-211.12) on 30 March 2013 20:44:34
os: Darwin-11.4.2 Darwin Kernel Version 11.4.2: Thu Aug 23 16:25:48 PDT 2012; root:xnu-1699.32.7~1/RELEASE_X86_64
nodename: M0B0P.local
machine: x86_64
clock source: unix
pcre jit disabled
detected number of CPU cores: 8
current working directory: /Users/tarakanov/babylon/store
detected binary path: /opt/local/Library/Frameworks/Python.framework/Versions/2.7/bin/uwsgi
your processes number limit is 709
your memory page size is 4096 bytes
 *** WARNING: you have enabled harakiri without post buffering. Slow upload could be rejected on post-unbuffered webservers *** 
detected max file descriptor number: 2560
lock engine: OSX spinlocks
uwsgi socket 0 inherited INET address 127.0.0.1:9090 fd 3
Python version: 2.7.3 (default, Oct 22 2012, 06:12:32)  [GCC 4.2.1 Compatible Apple Clang 3.1 (tags/Apple/clang-318.0.58)]
Set PythonHome to /opt/venv/storeenv/
*** Python threads support is disabled. You can enable it with --enable-threads ***
Python main interpreter initialized at 0x7fa909c0b800
your server socket listen backlog is limited to 100 connections
your mercy for graceful operations on workers is 60 seconds
mapped 363320 bytes (354 KB) for 4 cores
*** Operational MODE: preforking ***
added /opt/venv/storeenv/store/ to pythonpath.
WSGI app 0 (mountpoint='') ready in 0 seconds on interpreter 0x7fa909c0b800 pid: 27106 (default app)
gracefully (RE)spawned uWSGI master process (pid: 27106)
spawned uWSGI worker 1 (pid: 28158, cores: 1)
spawned uWSGI worker 2 (pid: 28159, cores: 1)
spawned uWSGI worker 3 (pid: 28160, cores: 1)
spawned uWSGI worker 4 (pid: 28161, cores: 1)
{address space usage: 2528088064 bytes/2410MB} {rss usage: 21204992 bytes/20MB} [pid: 28158|app: 0|req: 1/1] 127.0.0.1 () {42 vars in 728 bytes} [Sun Mar 31 17:10:36 2013] GET / => generated 664 bytes in 148 msecs (HTTP/1.1 200) 1 headers in 59 bytes (1 switches on core 0)
{address space usage: 2528088064 bytes/2410MB} {rss usage: 21225472 bytes/20MB} [pid: 28158|app: 0|req: 2/2] 127.0.0.1 () {42 vars in 728 bytes} [Sun Mar 31 17:10:38 2013] GET / => generated 664 bytes in 4 msecs (HTTP/1.1 200) 1 headers in 59 bytes (1 switches on core 0)
{address space usage: 2536476672 bytes/2418MB} {rss usage: 21204992 bytes/20MB} [pid: 28161|app: 0|req: 1/3] 127.0.0.1 () {42 vars in 728 bytes} [Sun Mar 31 17:10:44 2013] GET / => generated 664 bytes in 156 msecs (HTTP/1.1 200) 1 headers in 59 bytes (1 switches on core 0)
Sun Mar 31 17:11:04 2013 - *** /opt/venv/storeenv/store/uwsgi.sh has been touched... grace them all !!! ***
...gracefully killing workers...
Gracefully killing worker 1 (pid: 28158)...
Gracefully killing worker 3 (pid: 28160)...
Gracefully killing worker 2 (pid: 28159)...
Gracefully killing worker 4 (pid: 28161)...
worker 4 buried after 1 seconds
worker 3 buried after 1 seconds
worker 2 buried after 1 seconds
worker 1 buried after 1 seconds
binary reloading uWSGI...
chdir() to /Users/tarakanov/babylon/store
closing all non-uwsgi socket fds > 2 (max_fd = 2560)...
found fd 3 mapped to socket 0 (127.0.0.1:9090)
running /opt/local/Library/Frameworks/Python.framework/Versions/2.7/bin/uwsgi
*** Starting uWSGI 1.9.4 (64bit) on [Sun Mar 31 17:11:05 2013] ***
compiled with version: 4.2.1 Compatible Apple Clang 3.0 (tags/Apple/clang-211.12) on 30 March 2013 20:44:34
os: Darwin-11.4.2 Darwin Kernel Version 11.4.2: Thu Aug 23 16:25:48 PDT 2012; root:xnu-1699.32.7~1/RELEASE_X86_64
nodename: M0B0P.local
machine: x86_64
clock source: unix
pcre jit disabled
detected number of CPU cores: 8
current working directory: /Users/tarakanov/babylon/store
detected binary path: /opt/local/Library/Frameworks/Python.framework/Versions/2.7/bin/uwsgi
your processes number limit is 709
your memory page size is 4096 bytes
 *** WARNING: you have enabled harakiri without post buffering. Slow upload could be rejected on post-unbuffered webservers *** 
detected max file descriptor number: 2560
lock engine: OSX spinlocks
uwsgi socket 0 inherited INET address 127.0.0.1:9090 fd 3
Python version: 2.7.3 (default, Oct 22 2012, 06:12:32)  [GCC 4.2.1 Compatible Apple Clang 3.1 (tags/Apple/clang-318.0.58)]
Set PythonHome to /opt/venv/storeenv/
*** Python threads support is disabled. You can enable it with --enable-threads ***
Python main interpreter initialized at 0x7fdf3b40b800
your server socket listen backlog is limited to 100 connections
your mercy for graceful operations on workers is 60 seconds
mapped 363320 bytes (354 KB) for 4 cores
*** Operational MODE: preforking ***
added /opt/venv/storeenv/store/ to pythonpath.
WSGI app 0 (mountpoint='') ready in 0 seconds on interpreter 0x7fdf3b40b800 pid: 27106 (default app)
gracefully (RE)spawned uWSGI master process (pid: 27106)
spawned uWSGI worker 1 (pid: 28175, cores: 1)
spawned uWSGI worker 2 (pid: 28176, cores: 1)
spawned uWSGI worker 3 (pid: 28177, cores: 1)
spawned uWSGI worker 4 (pid: 28178, cores: 1)
{address space usage: 2528088064 bytes/2410MB} {rss usage: 21209088 bytes/20MB} [pid: 28175|app: 0|req: 1/1] 127.0.0.1 () {42 vars in 728 bytes} [Sun Mar 31 17:11:05 2013] GET / => generated 660 bytes in 152 msecs (HTTP/1.1 200) 1 headers in 59 bytes (1 switches on core 0)
